2018-11-17 00:09:23,386 - Loaded System Directive: org.apache.velocity.runtime.directive.Stop
2018-11-17 00:09:23,387 - Loaded System Directive: org.apache.velocity.runtime.directive.Define
2018-11-17 00:09:23,387 - Loaded System Directive: org.apache.velocity.runtime.directive.Break
2018-11-17 00:09:23,388 - Loaded System Directive: org.apache.velocity.runtime.directive.Evaluate
2018-11-17 00:09:23,388 - Loaded System Directive: org.apache.velocity.runtime.directive.Literal
2018-11-17 00:09:23,389 - Loaded System Directive: org.apache.velocity.runtime.directive.Macro
2018-11-17 00:09:23,389 - Loaded System Directive: org.apache.velocity.runtime.directive.Parse
2018-11-17 00:09:23,390 - Loaded System Directive: org.apache.velocity.runtime.directive.Include
2018-11-17 00:09:23,391 - Loaded System Directive: org.apache.velocity.runtime.directive.Foreach
2018-11-17 00:09:23,413 - Created '20' parsers.
2018-11-17 00:09:23,416 - Velocimacro : "velocimacro.library" is not set.  Trying default library: VM_global_library.vm
2018-11-17 00:09:23,416 - Could not load resource 'VM_global_library.vm' from ResourceLoader org.apache.velocity.runtime.resource.loader.ClasspathResourceLoader: ClasspathResourceLoader Error: cannot find resource VM_global_library.vm
2018-11-17 00:09:23,416 - Velocimacro : Default library not found.
2018-11-17 00:09:23,416 - Velocimacro : allowInline = true : VMs can be defined inline in templates
2018-11-17 00:09:23,416 - Velocimacro : allowInlineToOverride = false : VMs defined inline may NOT replace previous VM definitions
2018-11-17 00:09:23,416 - Velocimacro : allowInlineLocal = false : VMs defined inline will be global in scope if allowed.
2018-11-17 00:09:23,416 - Velocimacro : autoload off : VM system will not automatically reload global library macros
2018-11-17 00:09:23,425 - Parser Exception: templates/hello.vtl
org.apache.velocity.runtime.parser.ParseException: Encountered "#end\n" at line 19, column 9.
Was expecting one of:
    <EOF> 
    "(" ...
    <RPAREN> ...
    <ESCAPE_DIRECTIVE> ...
    <SET_DIRECTIVE> ...
    "##" ...
    "\\\\" ...
    "\\" ...
    <TEXT> ...
    "*#" ...
    "*#" ...
    "]]#" ...
    <STRING_LITERAL> ...
    <IF_DIRECTIVE> ...
    <INTEGER_LITERAL> ...
    <FLOATING_POINT_LITERAL> ...
    <WORD> ...
    <BRACKETED_WORD> ...
    <IDENTIFIER> ...
    <DOT> ...
    "{" ...
    "}" ...
    <EMPTY_INDEX> ...
    
	at org.apache.velocity.runtime.parser.Parser.generateParseException(Parser.java:3679)
	at org.apache.velocity.runtime.parser.Parser.jj_consume_token(Parser.java:3558)
	at org.apache.velocity.runtime.parser.Parser.process(Parser.java:319)
	at org.apache.velocity.runtime.parser.Parser.parse(Parser.java:117)
	at org.apache.velocity.runtime.RuntimeInstance.parse(RuntimeInstance.java:1226)
	at org.apache.velocity.runtime.RuntimeInstance.parse(RuntimeInstance.java:1181)
	at org.apache.velocity.Template.process(Template.java:134)
	at org.apache.velocity.runtime.resource.ResourceManagerImpl.loadResource(ResourceManagerImpl.java:437)
	at org.apache.velocity.runtime.resource.ResourceManagerImpl.getResource(ResourceManagerImpl.java:352)
	at org.apache.velocity.runtime.RuntimeInstance.getTemplate(RuntimeInstance.java:1533)
	at org.apache.velocity.runtime.RuntimeInstance.getTemplate(RuntimeInstance.java:1514)
	at org.apache.velocity.app.VelocityEngine.getTemplate(VelocityEngine.java:373)
	at spark.template.velocity.VelocityTemplateEngine.render(VelocityTemplateEngine.java:36)
	at spark.TemplateViewRouteImpl$1.render(TemplateViewRouteImpl.java:61)
	at spark.TemplateViewRouteImpl$1.render(TemplateViewRouteImpl.java:58)
	at spark.TemplateViewRouteImpl.render(TemplateViewRouteImpl.java:86)
	at spark.http.matching.Routes.execute(Routes.java:63)
	at spark.http.matching.MatcherFilter.doFilter(MatcherFilter.java:130)
	at spark.embeddedserver.jetty.JettyHandler.doHandle(JettyHandler.java:50)
	at org.eclipse.jetty.server.session.SessionHandler.doScope(SessionHandler.java:1568)
	at org.eclipse.jetty.server.handler.ScopedHandler.handle(ScopedHandler.java:141)
	at org.eclipse.jetty.server.handler.HandlerWrapper.handle(HandlerWrapper.java:132)
	at org.eclipse.jetty.server.Server.handle(Server.java:530)
	at org.eclipse.jetty.server.HttpChannel.handle(HttpChannel.java:347)
	at org.eclipse.jetty.server.HttpConnection.onFillable(HttpConnection.java:256)
	at org.eclipse.jetty.io.AbstractConnection$ReadCallback.succeeded(AbstractConnection.java:279)
	at org.eclipse.jetty.io.FillInterest.fillable(FillInterest.java:102)
	at org.eclipse.jetty.io.ChannelEndPoint$2.run(ChannelEndPoint.java:124)
	at org.eclipse.jetty.util.thread.strategy.EatWhatYouKill.doProduce(EatWhatYouKill.java:247)
	at org.eclipse.jetty.util.thread.strategy.EatWhatYouKill.produce(EatWhatYouKill.java:140)
	at org.eclipse.jetty.util.thread.QueuedThreadPool.runJob(QueuedThreadPool.java:708)
	at org.eclipse.jetty.util.thread.QueuedThreadPool$2.run(QueuedThreadPool.java:626)
	at java.lang.Thread.run(Thread.java:748)
2018-11-17 00:09:23,427 - ResourceManager.getResource() parse exception
org.apache.velocity.exception.ParseErrorException: Encountered "#end\n" at templates/hello.vtl[line 19, column 9]
Was expecting one of:
    <EOF> 
    "(" ...
    <RPAREN> ...
    <ESCAPE_DIRECTIVE> ...
    <SET_DIRECTIVE> ...
    "##" ...
    "\\\\" ...
    "\\" ...
    <TEXT> ...
    "*#" ...
    "*#" ...
    "]]#" ...
    <STRING_LITERAL> ...
    <IF_DIRECTIVE> ...
    <INTEGER_LITERAL> ...
    <FLOATING_POINT_LITERAL> ...
    <WORD> ...
    <BRACKETED_WORD> ...
    <IDENTIFIER> ...
    <DOT> ...
    "{" ...
    "}" ...
    <EMPTY_INDEX> ...
    
	at org.apache.velocity.Template.process(Template.java:151)
	at org.apache.velocity.runtime.resource.ResourceManagerImpl.loadResource(ResourceManagerImpl.java:437)
	at org.apache.velocity.runtime.resource.ResourceManagerImpl.getResource(ResourceManagerImpl.java:352)
	at org.apache.velocity.runtime.RuntimeInstance.getTemplate(RuntimeInstance.java:1533)
	at org.apache.velocity.runtime.RuntimeInstance.getTemplate(RuntimeInstance.java:1514)
	at org.apache.velocity.app.VelocityEngine.getTemplate(VelocityEngine.java:373)
	at spark.template.velocity.VelocityTemplateEngine.render(VelocityTemplateEngine.java:36)
	at spark.TemplateViewRouteImpl$1.render(TemplateViewRouteImpl.java:61)
	at spark.TemplateViewRouteImpl$1.render(TemplateViewRouteImpl.java:58)
	at spark.TemplateViewRouteImpl.render(TemplateViewRouteImpl.java:86)
	at spark.http.matching.Routes.execute(Routes.java:63)
	at spark.http.matching.MatcherFilter.doFilter(MatcherFilter.java:130)
	at spark.embeddedserver.jetty.JettyHandler.doHandle(JettyHandler.java:50)
	at org.eclipse.jetty.server.session.SessionHandler.doScope(SessionHandler.java:1568)
	at org.eclipse.jetty.server.handler.ScopedHandler.handle(ScopedHandler.java:141)
	at org.eclipse.jetty.server.handler.HandlerWrapper.handle(HandlerWrapper.java:132)
	at org.eclipse.jetty.server.Server.handle(Server.java:530)
	at org.eclipse.jetty.server.HttpChannel.handle(HttpChannel.java:347)
	at org.eclipse.jetty.server.HttpConnection.onFillable(HttpConnection.java:256)
	at org.eclipse.jetty.io.AbstractConnection$ReadCallback.succeeded(AbstractConnection.java:279)
	at org.eclipse.jetty.io.FillInterest.fillable(FillInterest.java:102)
	at org.eclipse.jetty.io.ChannelEndPoint$2.run(ChannelEndPoint.java:124)
	at org.eclipse.jetty.util.thread.strategy.EatWhatYouKill.doProduce(EatWhatYouKill.java:247)
	at org.eclipse.jetty.util.thread.strategy.EatWhatYouKill.produce(EatWhatYouKill.java:140)
	at org.eclipse.jetty.util.thread.QueuedThreadPool.runJob(QueuedThreadPool.java:708)
	at org.eclipse.jetty.util.thread.QueuedThreadPool$2.run(QueuedThreadPool.java:626)
	at java.lang.Thread.run(Thread.java:748)
2018-11-17 00:10:04,299 - Log4JLogChute initialized using file 'velocity.log'
2018-11-17 00:10:04,300 - Initializing Velocity, Calling init()...
2018-11-17 00:10:04,300 - Starting Apache Velocity v1.7 (compiled: 2010-11-19 12:14:37)
2018-11-17 00:10:04,300 - Default Properties File: org/apache/velocity/runtime/defaults/velocity.properties
2018-11-17 00:10:04,300 - Trying to use logger class org.apache.velocity.runtime.log.AvalonLogChute
2018-11-17 00:10:04,300 - Target log system for org.apache.velocity.runtime.log.AvalonLogChute is not available (java.lang.NoClassDefFoundError: org/apache/log/format/Formatter).  Falling back to next log system...
2018-11-17 00:10:04,300 - Trying to use logger class org.apache.velocity.runtime.log.Log4JLogChute
2018-11-17 00:10:04,300 - Using logger class org.apache.velocity.runtime.log.Log4JLogChute
2018-11-17 00:10:04,304 - ResourceLoader instantiated: org.apache.velocity.runtime.resource.loader.ClasspathResourceLoader
2018-11-17 00:10:04,317 - ResourceCache: initialized (class org.apache.velocity.runtime.resource.ResourceCacheImpl) with class java.util.Collections$SynchronizedMap cache map.
2018-11-17 00:10:04,318 - Loaded System Directive: org.apache.velocity.runtime.directive.Stop
2018-11-17 00:10:04,319 - Loaded System Directive: org.apache.velocity.runtime.directive.Define
2018-11-17 00:10:04,320 - Loaded System Directive: org.apache.velocity.runtime.directive.Break
2018-11-17 00:10:04,320 - Loaded System Directive: org.apache.velocity.runtime.directive.Evaluate
2018-11-17 00:10:04,321 - Loaded System Directive: org.apache.velocity.runtime.directive.Literal
2018-11-17 00:10:04,322 - Loaded System Directive: org.apache.velocity.runtime.directive.Macro
2018-11-17 00:10:04,323 - Loaded System Directive: org.apache.velocity.runtime.directive.Parse
2018-11-17 00:10:04,324 - Loaded System Directive: org.apache.velocity.runtime.directive.Include
2018-11-17 00:10:04,325 - Loaded System Directive: org.apache.velocity.runtime.directive.Foreach
2018-11-17 00:10:04,355 - Created '20' parsers.
2018-11-17 00:10:04,360 - Velocimacro : "velocimacro.library" is not set.  Trying default library: VM_global_library.vm
2018-11-17 00:10:04,361 - Could not load resource 'VM_global_library.vm' from ResourceLoader org.apache.velocity.runtime.resource.loader.ClasspathResourceLoader: ClasspathResourceLoader Error: cannot find resource VM_global_library.vm
2018-11-17 00:10:04,361 - Velocimacro : Default library not found.
2018-11-17 00:10:04,361 - Velocimacro : allowInline = true : VMs can be defined inline in templates
2018-11-17 00:10:04,361 - Velocimacro : allowInlineToOverride = false : VMs defined inline may NOT replace previous VM definitions
2018-11-17 00:10:04,361 - Velocimacro : allowInlineLocal = false : VMs defined inline will be global in scope if allowed.
2018-11-17 00:10:04,361 - Velocimacro : autoload off : VM system will not automatically reload global library macros
2018-11-17 00:10:04,370 - Parser Exception: templates/hello.vtl
org.apache.velocity.runtime.parser.ParseException: Encountered "#end\n" at line 19, column 9.
Was expecting one of:
    <EOF> 
    "(" ...
    <RPAREN> ...
    <ESCAPE_DIRECTIVE> ...
    <SET_DIRECTIVE> ...
    "##" ...
    "\\\\" ...
    "\\" ...
    <TEXT> ...
    "*#" ...
    "*#" ...
    "]]#" ...
    <STRING_LITERAL> ...
    <IF_DIRECTIVE> ...
    <INTEGER_LITERAL> ...
    <FLOATING_POINT_LITERAL> ...
    <WORD> ...
    <BRACKETED_WORD> ...
    <IDENTIFIER> ...
    <DOT> ...
    "{" ...
    "}" ...
    <EMPTY_INDEX> ...
    
	at org.apache.velocity.runtime.parser.Parser.generateParseException(Parser.java:3679)
	at org.apache.velocity.runtime.parser.Parser.jj_consume_token(Parser.java:3558)
	at org.apache.velocity.runtime.parser.Parser.process(Parser.java:319)
	at org.apache.velocity.runtime.parser.Parser.parse(Parser.java:117)
	at org.apache.velocity.runtime.RuntimeInstance.parse(RuntimeInstance.java:1226)
	at org.apache.velocity.runtime.RuntimeInstance.parse(RuntimeInstance.java:1181)
	at org.apache.velocity.Template.process(Template.java:134)
	at org.apache.velocity.runtime.resource.ResourceManagerImpl.loadResource(ResourceManagerImpl.java:437)
	at org.apache.velocity.runtime.resource.ResourceManagerImpl.getResource(ResourceManagerImpl.java:352)
	at org.apache.velocity.runtime.RuntimeInstance.getTemplate(RuntimeInstance.java:1533)
	at org.apache.velocity.runtime.RuntimeInstance.getTemplate(RuntimeInstance.java:1514)
	at org.apache.velocity.app.VelocityEngine.getTemplate(VelocityEngine.java:373)
	at spark.template.velocity.VelocityTemplateEngine.render(VelocityTemplateEngine.java:36)
	at spark.TemplateViewRouteImpl$1.render(TemplateViewRouteImpl.java:61)
	at spark.TemplateViewRouteImpl$1.render(TemplateViewRouteImpl.java:58)
	at spark.TemplateViewRouteImpl.render(TemplateViewRouteImpl.java:86)
	at spark.http.matching.Routes.execute(Routes.java:63)
	at spark.http.matching.MatcherFilter.doFilter(MatcherFilter.java:130)
	at spark.embeddedserver.jetty.JettyHandler.doHandle(JettyHandler.java:50)
	at org.eclipse.jetty.server.session.SessionHandler.doScope(SessionHandler.java:1568)
	at org.eclipse.jetty.server.handler.ScopedHandler.handle(ScopedHandler.java:141)
	at org.eclipse.jetty.server.handler.HandlerWrapper.handle(HandlerWrapper.java:132)
	at org.eclipse.jetty.server.Server.handle(Server.java:530)
	at org.eclipse.jetty.server.HttpChannel.handle(HttpChannel.java:347)
	at org.eclipse.jetty.server.HttpConnection.onFillable(HttpConnection.java:256)
	at org.eclipse.jetty.io.AbstractConnection$ReadCallback.succeeded(AbstractConnection.java:279)
	at org.eclipse.jetty.io.FillInterest.fillable(FillInterest.java:102)
	at org.eclipse.jetty.io.ChannelEndPoint$2.run(ChannelEndPoint.java:124)
	at org.eclipse.jetty.util.thread.strategy.EatWhatYouKill.doProduce(EatWhatYouKill.java:247)
	at org.eclipse.jetty.util.thread.strategy.EatWhatYouKill.produce(EatWhatYouKill.java:140)
	at org.eclipse.jetty.util.thread.QueuedThreadPool.runJob(QueuedThreadPool.java:708)
	at org.eclipse.jetty.util.thread.QueuedThreadPool$2.run(QueuedThreadPool.java:626)
	at java.lang.Thread.run(Thread.java:748)
2018-11-17 00:10:04,373 - ResourceManager.getResource() parse exception
org.apache.velocity.exception.ParseErrorException: Encountered "#end\n" at templates/hello.vtl[line 19, column 9]
Was expecting one of:
    <EOF> 
    "(" ...
    <RPAREN> ...
    <ESCAPE_DIRECTIVE> ...
    <SET_DIRECTIVE> ...
    "##" ...
    "\\\\" ...
    "\\" ...
    <TEXT> ...
    "*#" ...
    "*#" ...
    "]]#" ...
    <STRING_LITERAL> ...
    <IF_DIRECTIVE> ...
    <INTEGER_LITERAL> ...
    <FLOATING_POINT_LITERAL> ...
    <WORD> ...
    <BRACKETED_WORD> ...
    <IDENTIFIER> ...
    <DOT> ...
    "{" ...
    "}" ...
    <EMPTY_INDEX> ...
    
	at org.apache.velocity.Template.process(Template.java:151)
	at org.apache.velocity.runtime.resource.ResourceManagerImpl.loadResource(ResourceManagerImpl.java:437)
	at org.apache.velocity.runtime.resource.ResourceManagerImpl.getResource(ResourceManagerImpl.java:352)
	at org.apache.velocity.runtime.RuntimeInstance.getTemplate(RuntimeInstance.java:1533)
	at org.apache.velocity.runtime.RuntimeInstance.getTemplate(RuntimeInstance.java:1514)
	at org.apache.velocity.app.VelocityEngine.getTemplate(VelocityEngine.java:373)
	at spark.template.velocity.VelocityTemplateEngine.render(VelocityTemplateEngine.java:36)
	at spark.TemplateViewRouteImpl$1.render(TemplateViewRouteImpl.java:61)
	at spark.TemplateViewRouteImpl$1.render(TemplateViewRouteImpl.java:58)
	at spark.TemplateViewRouteImpl.render(TemplateViewRouteImpl.java:86)
	at spark.http.matching.Routes.execute(Routes.java:63)
	at spark.http.matching.MatcherFilter.doFilter(MatcherFilter.java:130)
	at spark.embeddedserver.jetty.JettyHandler.doHandle(JettyHandler.java:50)
	at org.eclipse.jetty.server.session.SessionHandler.doScope(SessionHandler.java:1568)
	at org.eclipse.jetty.server.handler.ScopedHandler.handle(ScopedHandler.java:141)
	at org.eclipse.jetty.server.handler.HandlerWrapper.handle(HandlerWrapper.java:132)
	at org.eclipse.jetty.server.Server.handle(Server.java:530)
	at org.eclipse.jetty.server.HttpChannel.handle(HttpChannel.java:347)
	at org.eclipse.jetty.server.HttpConnection.onFillable(HttpConnection.java:256)
	at org.eclipse.jetty.io.AbstractConnection$ReadCallback.succeeded(AbstractConnection.java:279)
	at org.eclipse.jetty.io.FillInterest.fillable(FillInterest.java:102)
	at org.eclipse.jetty.io.ChannelEndPoint$2.run(ChannelEndPoint.java:124)
	at org.eclipse.jetty.util.thread.strategy.EatWhatYouKill.doProduce(EatWhatYouKill.java:247)
	at org.eclipse.jetty.util.thread.strategy.EatWhatYouKill.produce(EatWhatYouKill.java:140)
	at org.eclipse.jetty.util.thread.QueuedThreadPool.runJob(QueuedThreadPool.java:708)
	at org.eclipse.jetty.util.thread.QueuedThreadPool$2.run(QueuedThreadPool.java:626)
	at java.lang.Thread.run(Thread.java:748)
2018-11-17 00:10:54,243 - Log4JLogChute initialized using file 'velocity.log'
2018-11-17 00:10:54,243 - Initializing Velocity, Calling init()...
2018-11-17 00:10:54,243 - Starting Apache Velocity v1.7 (compiled: 2010-11-19 12:14:37)
2018-11-17 00:10:54,243 - Default Properties File: org/apache/velocity/runtime/defaults/velocity.properties
2018-11-17 00:10:54,243 - Trying to use logger class org.apache.velocity.runtime.log.AvalonLogChute
2018-11-17 00:10:54,243 - Target log system for org.apache.velocity.runtime.log.AvalonLogChute is not available (java.lang.NoClassDefFoundError: org/apache/log/format/Formatter).  Falling back to next log system...
2018-11-17 00:10:54,243 - Trying to use logger class org.apache.velocity.runtime.log.Log4JLogChute
2018-11-17 00:10:54,243 - Using logger class org.apache.velocity.runtime.log.Log4JLogChute
2018-11-17 00:10:54,247 - ResourceLoader instantiated: org.apache.velocity.runtime.resource.loader.ClasspathResourceLoader
2018-11-17 00:10:54,263 - ResourceCache: initialized (class org.apache.velocity.runtime.resource.ResourceCacheImpl) with class java.util.Collections$SynchronizedMap cache map.
2018-11-17 00:10:54,265 - Loaded System Directive: org.apache.velocity.runtime.directive.Stop
2018-11-17 00:10:54,266 - Loaded System Directive: org.apache.velocity.runtime.directive.Define
2018-11-17 00:10:54,267 - Loaded System Directive: org.apache.velocity.runtime.directive.Break
2018-11-17 00:10:54,268 - Loaded System Directive: org.apache.velocity.runtime.directive.Evaluate
2018-11-17 00:10:54,268 - Loaded System Directive: org.apache.velocity.runtime.directive.Literal
2018-11-17 00:10:54,269 - Loaded System Directive: org.apache.velocity.runtime.directive.Macro
2018-11-17 00:10:54,271 - Loaded System Directive: org.apache.velocity.runtime.directive.Parse
2018-11-17 00:10:54,272 - Loaded System Directive: org.apache.velocity.runtime.directive.Include
2018-11-17 00:10:54,274 - Loaded System Directive: org.apache.velocity.runtime.directive.Foreach
2018-11-17 00:10:54,300 - Created '20' parsers.
2018-11-17 00:10:54,304 - Velocimacro : "velocimacro.library" is not set.  Trying default library: VM_global_library.vm
2018-11-17 00:10:54,305 - Could not load resource 'VM_global_library.vm' from ResourceLoader org.apache.velocity.runtime.resource.loader.ClasspathResourceLoader: ClasspathResourceLoader Error: cannot find resource VM_global_library.vm
2018-11-17 00:10:54,305 - Velocimacro : Default library not found.
2018-11-17 00:10:54,305 - Velocimacro : allowInline = true : VMs can be defined inline in templates
2018-11-17 00:10:54,305 - Velocimacro : allowInlineToOverride = false : VMs defined inline may NOT replace previous VM definitions
2018-11-17 00:10:54,305 - Velocimacro : allowInlineLocal = false : VMs defined inline will be global in scope if allowed.
2018-11-17 00:10:54,305 - Velocimacro : autoload off : VM system will not automatically reload global library macros
2018-11-17 00:10:54,317 - Parser Exception: templates/hello.vtl
org.apache.velocity.runtime.parser.ParseException: Encountered "#end\n" at line 18, column 12.
Was expecting one of:
    <EOF> 
    "(" ...
    <RPAREN> ...
    <ESCAPE_DIRECTIVE> ...
    <SET_DIRECTIVE> ...
    "##" ...
    "\\\\" ...
    "\\" ...
    <TEXT> ...
    "*#" ...
    "*#" ...
    "]]#" ...
    <STRING_LITERAL> ...
    <IF_DIRECTIVE> ...
    <INTEGER_LITERAL> ...
    <FLOATING_POINT_LITERAL> ...
    <WORD> ...
    <BRACKETED_WORD> ...
    <IDENTIFIER> ...
    <DOT> ...
    "{" ...
    "}" ...
    <EMPTY_INDEX> ...
    
	at org.apache.velocity.runtime.parser.Parser.generateParseException(Parser.java:3679)
	at org.apache.velocity.runtime.parser.Parser.jj_consume_token(Parser.java:3558)
	at org.apache.velocity.runtime.parser.Parser.process(Parser.java:319)
	at org.apache.velocity.runtime.parser.Parser.parse(Parser.java:117)
	at org.apache.velocity.runtime.RuntimeInstance.parse(RuntimeInstance.java:1226)
	at org.apache.velocity.runtime.RuntimeInstance.parse(RuntimeInstance.java:1181)
	at org.apache.velocity.Template.process(Template.java:134)
	at org.apache.velocity.runtime.resource.ResourceManagerImpl.loadResource(ResourceManagerImpl.java:437)
	at org.apache.velocity.runtime.resource.ResourceManagerImpl.getResource(ResourceManagerImpl.java:352)
	at org.apache.velocity.runtime.RuntimeInstance.getTemplate(RuntimeInstance.java:1533)
	at org.apache.velocity.runtime.RuntimeInstance.getTemplate(RuntimeInstance.java:1514)
	at org.apache.velocity.app.VelocityEngine.getTemplate(VelocityEngine.java:373)
	at spark.template.velocity.VelocityTemplateEngine.render(VelocityTemplateEngine.java:36)
	at spark.TemplateViewRouteImpl$1.render(TemplateViewRouteImpl.java:61)
	at spark.TemplateViewRouteImpl$1.render(TemplateViewRouteImpl.java:58)
	at spark.TemplateViewRouteImpl.render(TemplateViewRouteImpl.java:86)
	at spark.http.matching.Routes.execute(Routes.java:63)
	at spark.http.matching.MatcherFilter.doFilter(MatcherFilter.java:130)
	at spark.embeddedserver.jetty.JettyHandler.doHandle(JettyHandler.java:50)
	at org.eclipse.jetty.server.session.SessionHandler.doScope(SessionHandler.java:1568)
	at org.eclipse.jetty.server.handler.ScopedHandler.handle(ScopedHandler.java:141)
	at org.eclipse.jetty.server.handler.HandlerWrapper.handle(HandlerWrapper.java:132)
	at org.eclipse.jetty.server.Server.handle(Server.java:530)
	at org.eclipse.jetty.server.HttpChannel.handle(HttpChannel.java:347)
	at org.eclipse.jetty.server.HttpConnection.onFillable(HttpConnection.java:256)
	at org.eclipse.jetty.io.AbstractConnection$ReadCallback.succeeded(AbstractConnection.java:279)
	at org.eclipse.jetty.io.FillInterest.fillable(FillInterest.java:102)
	at org.eclipse.jetty.io.ChannelEndPoint$2.run(ChannelEndPoint.java:124)
	at org.eclipse.jetty.util.thread.strategy.EatWhatYouKill.doProduce(EatWhatYouKill.java:247)
	at org.eclipse.jetty.util.thread.strategy.EatWhatYouKill.produce(EatWhatYouKill.java:140)
	at org.eclipse.jetty.util.thread.QueuedThreadPool.runJob(QueuedThreadPool.java:708)
	at org.eclipse.jetty.util.thread.QueuedThreadPool$2.run(QueuedThreadPool.java:626)
	at java.lang.Thread.run(Thread.java:748)
2018-11-17 00:10:54,320 - ResourceManager.getResource() parse exception
org.apache.velocity.exception.ParseErrorException: Encountered "#end\n" at templates/hello.vtl[line 18, column 12]
Was expecting one of:
    <EOF> 
    "(" ...
    <RPAREN> ...
    <ESCAPE_DIRECTIVE> ...
    <SET_DIRECTIVE> ...
    "##" ...
    "\\\\" ...
    "\\" ...
    <TEXT> ...
    "*#" ...
    "*#" ...
    "]]#" ...
    <STRING_LITERAL> ...
    <IF_DIRECTIVE> ...
    <INTEGER_LITERAL> ...
    <FLOATING_POINT_LITERAL> ...
    <WORD> ...
    <BRACKETED_WORD> ...
    <IDENTIFIER> ...
    <DOT> ...
    "{" ...
    "}" ...
    <EMPTY_INDEX> ...
    
	at org.apache.velocity.Template.process(Template.java:151)
	at org.apache.velocity.runtime.resource.ResourceManagerImpl.loadResource(ResourceManagerImpl.java:437)
	at org.apache.velocity.runtime.resource.ResourceManagerImpl.getResource(ResourceManagerImpl.java:352)
	at org.apache.velocity.runtime.RuntimeInstance.getTemplate(RuntimeInstance.java:1533)
	at org.apache.velocity.runtime.RuntimeInstance.getTemplate(RuntimeInstance.java:1514)
	at org.apache.velocity.app.VelocityEngine.getTemplate(VelocityEngine.java:373)
	at spark.template.velocity.VelocityTemplateEngine.render(VelocityTemplateEngine.java:36)
	at spark.TemplateViewRouteImpl$1.render(TemplateViewRouteImpl.java:61)
	at spark.TemplateViewRouteImpl$1.render(TemplateViewRouteImpl.java:58)
	at spark.TemplateViewRouteImpl.render(TemplateViewRouteImpl.java:86)
	at spark.http.matching.Routes.execute(Routes.java:63)
	at spark.http.matching.MatcherFilter.doFilter(MatcherFilter.java:130)
	at spark.embeddedserver.jetty.JettyHandler.doHandle(JettyHandler.java:50)
	at org.eclipse.jetty.server.session.SessionHandler.doScope(SessionHandler.java:1568)
	at org.eclipse.jetty.server.handler.ScopedHandler.handle(ScopedHandler.java:141)
	at org.eclipse.jetty.server.handler.HandlerWrapper.handle(HandlerWrapper.java:132)
	at org.eclipse.jetty.server.Server.handle(Server.java:530)
	at org.eclipse.jetty.server.HttpChannel.handle(HttpChannel.java:347)
	at org.eclipse.jetty.server.HttpConnection.onFillable(HttpConnection.java:256)
	at org.eclipse.jetty.io.AbstractConnection$ReadCallback.succeeded(AbstractConnection.java:279)
	at org.eclipse.jetty.io.FillInterest.fillable(FillInterest.java:102)
	at org.eclipse.jetty.io.ChannelEndPoint$2.run(ChannelEndPoint.java:124)
	at org.eclipse.jetty.util.thread.strategy.EatWhatYouKill.doProduce(EatWhatYouKill.java:247)
	at org.eclipse.jetty.util.thread.strategy.EatWhatYouKill.produce(EatWhatYouKill.java:140)
	at org.eclipse.jetty.util.thread.QueuedThreadPool.runJob(QueuedThreadPool.java:708)
	at org.eclipse.jetty.util.thread.QueuedThreadPool$2.run(QueuedThreadPool.java:626)
	at java.lang.Thread.run(Thread.java:748)
2018-11-17 00:11:22,948 - Log4JLogChute initialized using file 'velocity.log'
2018-11-17 00:11:22,948 - Initializing Velocity, Calling init()...
2018-11-17 00:11:22,948 - Starting Apache Velocity v1.7 (compiled: 2010-11-19 12:14:37)
2018-11-17 00:11:22,948 - Default Properties File: org/apache/velocity/runtime/defaults/velocity.properties
2018-11-17 00:11:22,948 - Trying to use logger class org.apache.velocity.runtime.log.AvalonLogChute
2018-11-17 00:11:22,948 - Target log system for org.apache.velocity.runtime.log.AvalonLogChute is not available (java.lang.NoClassDefFoundError: org/apache/log/format/Formatter).  Falling back to next log system...
2018-11-17 00:11:22,948 - Trying to use logger class org.apache.velocity.runtime.log.Log4JLogChute
2018-11-17 00:11:22,948 - Using logger class org.apache.velocity.runtime.log.Log4JLogChute
2018-11-17 00:11:22,953 - ResourceLoader instantiated: org.apache.velocity.runtime.resource.loader.ClasspathResourceLoader
2018-11-17 00:11:22,972 - ResourceCache: initialized (class org.apache.velocity.runtime.resource.ResourceCacheImpl) with class java.util.Collections$SynchronizedMap cache map.
2018-11-17 00:11:22,973 - Loaded System Directive: org.apache.velocity.runtime.directive.Stop
2018-11-17 00:11:22,974 - Loaded System Directive: org.apache.velocity.runtime.directive.Define
2018-11-17 00:11:22,975 - Loaded System Directive: org.apache.velocity.runtime.directive.Break
2018-11-17 00:11:22,975 - Loaded System Directive: org.apache.velocity.runtime.directive.Evaluate
2018-11-17 00:11:22,976 - Loaded System Directive: org.apache.velocity.runtime.directive.Literal
2018-11-17 00:11:22,977 - Loaded System Directive: org.apache.velocity.runtime.directive.Macro
2018-11-17 00:11:22,978 - Loaded System Directive: org.apache.velocity.runtime.directive.Parse
2018-11-17 00:11:22,979 - Loaded System Directive: org.apache.velocity.runtime.directive.Include
2018-11-17 00:11:22,980 - Loaded System Directive: org.apache.velocity.runtime.directive.Foreach
2018-11-17 00:11:23,012 - Created '20' parsers.
2018-11-17 00:11:23,020 - Velocimacro : "velocimacro.library" is not set.  Trying default library: VM_global_library.vm
2018-11-17 00:11:23,021 - Could not load resource 'VM_global_library.vm' from ResourceLoader org.apache.velocity.runtime.resource.loader.ClasspathResourceLoader: ClasspathResourceLoader Error: cannot find resource VM_global_library.vm
2018-11-17 00:11:23,021 - Velocimacro : Default library not found.
2018-11-17 00:11:23,021 - Velocimacro : allowInline = true : VMs can be defined inline in templates
2018-11-17 00:11:23,021 - Velocimacro : allowInlineToOverride = false : VMs defined inline may NOT replace previous VM definitions
2018-11-17 00:11:23,021 - Velocimacro : allowInlineLocal = false : VMs defined inline will be global in scope if allowed.
2018-11-17 00:11:23,022 - Velocimacro : autoload off : VM system will not automatically reload global library macros
2018-11-17 00:11:23,037 - ResourceManager : found templates/hello.vtl with loader org.apache.velocity.runtime.resource.loader.ClasspathResourceLoader
2018-11-17 00:11:52,252 - Log4JLogChute initialized using file 'velocity.log'
2018-11-17 00:11:52,252 - Initializing Velocity, Calling init()...
2018-11-17 00:11:52,252 - Starting Apache Velocity v1.7 (compiled: 2010-11-19 12:14:37)
2018-11-17 00:11:52,252 - Default Properties File: org/apache/velocity/runtime/defaults/velocity.properties
2018-11-17 00:11:52,252 - Trying to use logger class org.apache.velocity.runtime.log.AvalonLogChute
2018-11-17 00:11:52,252 - Target log system for org.apache.velocity.runtime.log.AvalonLogChute is not available (java.lang.NoClassDefFoundError: org/apache/log/format/Formatter).  Falling back to next log system...
2018-11-17 00:11:52,252 - Trying to use logger class org.apache.velocity.runtime.log.Log4JLogChute
2018-11-17 00:11:52,252 - Using logger class org.apache.velocity.runtime.log.Log4JLogChute
2018-11-17 00:11:52,255 - ResourceLoader instantiated: org.apache.velocity.runtime.resource.loader.ClasspathResourceLoader
2018-11-17 00:11:52,265 - ResourceCache: initialized (class org.apache.velocity.runtime.resource.ResourceCacheImpl) with class java.util.Collections$SynchronizedMap cache map.
2018-11-17 00:11:52,266 - Loaded System Directive: org.apache.velocity.runtime.directive.Stop
2018-11-17 00:11:52,267 - Loaded System Directive: org.apache.velocity.runtime.directive.Define
2018-11-17 00:11:52,268 - Loaded System Directive: org.apache.velocity.runtime.directive.Break
2018-11-17 00:11:52,268 - Loaded System Directive: org.apache.velocity.runtime.directive.Evaluate
2018-11-17 00:11:52,269 - Loaded System Directive: org.apache.velocity.runtime.directive.Literal
2018-11-17 00:11:52,270 - Loaded System Directive: org.apache.velocity.runtime.directive.Macro
2018-11-17 00:11:52,271 - Loaded System Directive: org.apache.velocity.runtime.directive.Parse
2018-11-17 00:11:52,271 - Loaded System Directive: org.apache.velocity.runtime.directive.Include
2018-11-17 00:11:52,272 - Loaded System Directive: org.apache.velocity.runtime.directive.Foreach
2018-11-17 00:11:52,293 - Created '20' parsers.
2018-11-17 00:11:52,297 - Velocimacro : "velocimacro.library" is not set.  Trying default library: VM_global_library.vm
2018-11-17 00:11:52,297 - Could not load resource 'VM_global_library.vm' from ResourceLoader org.apache.velocity.runtime.resource.loader.ClasspathResourceLoader: ClasspathResourceLoader Error: cannot find resource VM_global_library.vm
2018-11-17 00:11:52,297 - Velocimacro : Default library not found.
2018-11-17 00:11:52,297 - Velocimacro : allowInline = true : VMs can be defined inline in templates
2018-11-17 00:11:52,297 - Velocimacro : allowInlineToOverride = false : VMs defined inline may NOT replace previous VM definitions
2018-11-17 00:11:52,297 - Velocimacro : allowInlineLocal = false : VMs defined inline will be global in scope if allowed.
2018-11-17 00:11:52,297 - Velocimacro : autoload off : VM system will not automatically reload global library macros
2018-11-17 00:11:52,309 - ResourceManager : found templates/hello.vtl with loader org.apache.velocity.runtime.resource.loader.ClasspathResourceLoader
2018-11-17 00:15:17,695 - Log4JLogChute initialized using file 'velocity.log'
2018-11-17 00:15:17,696 - Initializing Velocity, Calling init()...
2018-11-17 00:15:17,696 - Starting Apache Velocity v1.7 (compiled: 2010-11-19 12:14:37)
2018-11-17 00:15:17,696 - Default Properties File: org/apache/velocity/runtime/defaults/velocity.properties
2018-11-17 00:15:17,696 - Trying to use logger class org.apache.velocity.runtime.log.AvalonLogChute
2018-11-17 00:15:17,696 - Target log system for org.apache.velocity.runtime.log.AvalonLogChute is not available (java.lang.NoClassDefFoundError: org/apache/log/format/Formatter).  Falling back to next log system...
2018-11-17 00:15:17,696 - Trying to use logger class org.apache.velocity.runtime.log.Log4JLogChute
2018-11-17 00:15:17,696 - Using logger class org.apache.velocity.runtime.log.Log4JLogChute
2018-11-17 00:15:17,699 - ResourceLoader instantiated: org.apache.velocity.runtime.resource.loader.ClasspathResourceLoader
2018-11-17 00:15:17,712 - ResourceCache: initialized (class org.apache.velocity.runtime.resource.ResourceCacheImpl) with class java.util.Collections$SynchronizedMap cache map.
2018-11-17 00:15:17,713 - Loaded System Directive: org.apache.velocity.runtime.directive.Stop
2018-11-17 00:15:17,714 - Loaded System Directive: org.apache.velocity.runtime.directive.Define
2018-11-17 00:15:17,715 - Loaded System Directive: org.apache.velocity.runtime.directive.Break
2018-11-17 00:15:17,715 - Loaded System Directive: org.apache.velocity.runtime.directive.Evaluate
2018-11-17 00:15:17,716 - Loaded System Directive: org.apache.velocity.runtime.directive.Literal
2018-11-17 00:15:17,717 - Loaded System Directive: org.apache.velocity.runtime.directive.Macro
2018-11-17 00:15:17,718 - Loaded System Directive: org.apache.velocity.runtime.directive.Parse
2018-11-17 00:15:17,719 - Loaded System Directive: org.apache.velocity.runtime.directive.Include
2018-11-17 00:15:17,720 - Loaded System Directive: org.apache.velocity.runtime.directive.Foreach
2018-11-17 00:15:17,740 - Created '20' parsers.
2018-11-17 00:15:17,743 - Velocimacro : "velocimacro.library" is not set.  Trying default library: VM_global_library.vm
2018-11-17 00:15:17,743 - Could not load resource 'VM_global_library.vm' from ResourceLoader org.apache.velocity.runtime.resource.loader.ClasspathResourceLoader: ClasspathResourceLoader Error: cannot find resource VM_global_library.vm
2018-11-17 00:15:17,743 - Velocimacro : Default library not found.
2018-11-17 00:15:17,743 - Velocimacro : allowInline = true : VMs can be defined inline in templates
2018-11-17 00:15:17,743 - Velocimacro : allowInlineToOverride = false : VMs defined inline may NOT replace previous VM definitions
2018-11-17 00:15:17,743 - Velocimacro : allowInlineLocal = false : VMs defined inline will be global in scope if allowed.
2018-11-17 00:15:17,743 - Velocimacro : autoload off : VM system will not automatically reload global library macros
2018-11-17 00:15:17,753 - ResourceManager : found templates/hello.vtl with loader org.apache.velocity.runtime.resource.loader.ClasspathResourceLoader
2018-11-17 06:52:45,600 - Log4JLogChute initialized using file 'velocity.log'
2018-11-17 06:52:45,600 - Initializing Velocity, Calling init()...
2018-11-17 06:52:45,601 - Starting Apache Velocity v1.7 (compiled: 2010-11-19 12:14:37)
2018-11-17 06:52:45,601 - Default Properties File: org/apache/velocity/runtime/defaults/velocity.properties
2018-11-17 06:52:45,601 - Trying to use logger class org.apache.velocity.runtime.log.AvalonLogChute
2018-11-17 06:52:45,601 - Target log system for org.apache.velocity.runtime.log.AvalonLogChute is not available (java.lang.NoClassDefFoundError: org/apache/log/format/Formatter).  Falling back to next log system...
2018-11-17 06:52:45,601 - Trying to use logger class org.apache.velocity.runtime.log.Log4JLogChute
2018-11-17 06:52:45,601 - Using logger class org.apache.velocity.runtime.log.Log4JLogChute
2018-11-17 06:52:45,623 - ResourceLoader instantiated: org.apache.velocity.runtime.resource.loader.ClasspathResourceLoader
2018-11-17 06:52:45,680 - ResourceCache: initialized (class org.apache.velocity.runtime.resource.ResourceCacheImpl) with class java.util.Collections$SynchronizedMap cache map.
2018-11-17 06:52:45,683 - Loaded System Directive: org.apache.velocity.runtime.directive.Stop
2018-11-17 06:52:45,686 - Loaded System Directive: org.apache.velocity.runtime.directive.Define
2018-11-17 06:52:45,689 - Loaded System Directive: org.apache.velocity.runtime.directive.Break
2018-11-17 06:52:45,695 - Loaded System Directive: org.apache.velocity.runtime.directive.Evaluate
2018-11-17 06:52:45,696 - Loaded System Directive: org.apache.velocity.runtime.directive.Literal
2018-11-17 06:52:45,699 - Loaded System Directive: org.apache.velocity.runtime.directive.Macro
2018-11-17 06:52:45,703 - Loaded System Directive: org.apache.velocity.runtime.directive.Parse
2018-11-17 06:52:45,712 - Loaded System Directive: org.apache.velocity.runtime.directive.Include
2018-11-17 06:52:45,719 - Loaded System Directive: org.apache.velocity.runtime.directive.Foreach
2018-11-17 06:52:45,824 - Created '20' parsers.
2018-11-17 06:52:45,836 - Velocimacro : "velocimacro.library" is not set.  Trying default library: VM_global_library.vm
2018-11-17 06:52:45,837 - Could not load resource 'VM_global_library.vm' from ResourceLoader org.apache.velocity.runtime.resource.loader.ClasspathResourceLoader: ClasspathResourceLoader Error: cannot find resource VM_global_library.vm
2018-11-17 06:52:45,837 - Velocimacro : Default library not found.
2018-11-17 06:52:45,837 - Velocimacro : allowInline = true : VMs can be defined inline in templates
2018-11-17 06:52:45,838 - Velocimacro : allowInlineToOverride = false : VMs defined inline may NOT replace previous VM definitions
2018-11-17 06:52:45,838 - Velocimacro : allowInlineLocal = false : VMs defined inline will be global in scope if allowed.
2018-11-17 06:52:45,838 - Velocimacro : autoload off : VM system will not automatically reload global library macros
2018-11-17 06:52:45,905 - ResourceManager : found templates/hello.vtl with loader org.apache.velocity.runtime.resource.loader.ClasspathResourceLoader
2018-11-17 07:00:04,374 - Log4JLogChute initialized using file 'velocity.log'
2018-11-17 07:00:04,376 - Initializing Velocity, Calling init()...
2018-11-17 07:00:04,377 - Starting Apache Velocity v1.7 (compiled: 2010-11-19 12:14:37)
2018-11-17 07:00:04,377 - Default Properties File: org/apache/velocity/runtime/defaults/velocity.properties
2018-11-17 07:00:04,377 - Trying to use logger class org.apache.velocity.runtime.log.AvalonLogChute
2018-11-17 07:00:04,377 - Target log system for org.apache.velocity.runtime.log.AvalonLogChute is not available (java.lang.NoClassDefFoundError: org/apache/log/format/Formatter).  Falling back to next log system...
2018-11-17 07:00:04,377 - Trying to use logger class org.apache.velocity.runtime.log.Log4JLogChute
2018-11-17 07:00:04,377 - Using logger class org.apache.velocity.runtime.log.Log4JLogChute
2018-11-17 07:00:04,386 - ResourceLoader instantiated: org.apache.velocity.runtime.resource.loader.ClasspathResourceLoader
2018-11-17 07:00:04,467 - ResourceCache: initialized (class org.apache.velocity.runtime.resource.ResourceCacheImpl) with class java.util.Collections$SynchronizedMap cache map.
2018-11-17 07:00:04,471 - Loaded System Directive: org.apache.velocity.runtime.directive.Stop
2018-11-17 07:00:04,474 - Loaded System Directive: org.apache.velocity.runtime.directive.Define
2018-11-17 07:00:04,477 - Loaded System Directive: org.apache.velocity.runtime.directive.Break
2018-11-17 07:00:04,480 - Loaded System Directive: org.apache.velocity.runtime.directive.Evaluate
2018-11-17 07:00:04,482 - Loaded System Directive: org.apache.velocity.runtime.directive.Literal
2018-11-17 07:00:04,487 - Loaded System Directive: org.apache.velocity.runtime.directive.Macro
2018-11-17 07:00:04,494 - Loaded System Directive: org.apache.velocity.runtime.directive.Parse
2018-11-17 07:00:04,499 - Loaded System Directive: org.apache.velocity.runtime.directive.Include
2018-11-17 07:00:04,502 - Loaded System Directive: org.apache.velocity.runtime.directive.Foreach
2018-11-17 07:00:04,620 - Created '20' parsers.
2018-11-17 07:00:04,630 - Velocimacro : "velocimacro.library" is not set.  Trying default library: VM_global_library.vm
2018-11-17 07:00:04,631 - Could not load resource 'VM_global_library.vm' from ResourceLoader org.apache.velocity.runtime.resource.loader.ClasspathResourceLoader: ClasspathResourceLoader Error: cannot find resource VM_global_library.vm
2018-11-17 07:00:04,631 - Velocimacro : Default library not found.
2018-11-17 07:00:04,631 - Velocimacro : allowInline = true : VMs can be defined inline in templates
2018-11-17 07:00:04,631 - Velocimacro : allowInlineToOverride = false : VMs defined inline may NOT replace previous VM definitions
2018-11-17 07:00:04,631 - Velocimacro : allowInlineLocal = false : VMs defined inline will be global in scope if allowed.
2018-11-17 07:00:04,631 - Velocimacro : autoload off : VM system will not automatically reload global library macros
2018-11-17 07:00:04,684 - ResourceManager : found templates/hello.vtl with loader org.apache.velocity.runtime.resource.loader.ClasspathResourceLoader
2018-11-17 07:00:04,717 - Null reference [template 'templates/hello.vtl', line 28, column 54] : $pic_path cannot be resolved.
2018-11-17 07:00:29,477 - Log4JLogChute initialized using file 'velocity.log'
2018-11-17 07:00:29,477 - Log4JLogChute initialized using file 'velocity.log'
2018-11-17 07:00:29,477 - Initializing Velocity, Calling init()...
2018-11-17 07:00:29,477 - Initializing Velocity, Calling init()...
2018-11-17 07:00:29,477 - Starting Apache Velocity v1.7 (compiled: 2010-11-19 12:14:37)
2018-11-17 07:00:29,477 - Starting Apache Velocity v1.7 (compiled: 2010-11-19 12:14:37)
2018-11-17 07:00:29,477 - Default Properties File: org/apache/velocity/runtime/defaults/velocity.properties
2018-11-17 07:00:29,477 - Default Properties File: org/apache/velocity/runtime/defaults/velocity.properties
2018-11-17 07:00:29,477 - Trying to use logger class org.apache.velocity.runtime.log.AvalonLogChute
2018-11-17 07:00:29,477 - Trying to use logger class org.apache.velocity.runtime.log.AvalonLogChute
2018-11-17 07:00:29,477 - Target log system for org.apache.velocity.runtime.log.AvalonLogChute is not available (java.lang.NoClassDefFoundError: org/apache/log/format/Formatter).  Falling back to next log system...
2018-11-17 07:00:29,477 - Target log system for org.apache.velocity.runtime.log.AvalonLogChute is not available (java.lang.NoClassDefFoundError: org/apache/log/format/Formatter).  Falling back to next log system...
2018-11-17 07:00:29,477 - Trying to use logger class org.apache.velocity.runtime.log.Log4JLogChute
2018-11-17 07:00:29,477 - Trying to use logger class org.apache.velocity.runtime.log.Log4JLogChute
2018-11-17 07:00:29,477 - Using logger class org.apache.velocity.runtime.log.Log4JLogChute
2018-11-17 07:00:29,477 - Using logger class org.apache.velocity.runtime.log.Log4JLogChute
2018-11-17 07:00:29,478 - ResourceLoader instantiated: org.apache.velocity.runtime.resource.loader.ClasspathResourceLoader
2018-11-17 07:00:29,478 - ResourceLoader instantiated: org.apache.velocity.runtime.resource.loader.ClasspathResourceLoader
2018-11-17 07:00:29,478 - ResourceCache: initialized (class org.apache.velocity.runtime.resource.ResourceCacheImpl) with class java.util.Collections$SynchronizedMap cache map.
2018-11-17 07:00:29,478 - ResourceCache: initialized (class org.apache.velocity.runtime.resource.ResourceCacheImpl) with class java.util.Collections$SynchronizedMap cache map.
2018-11-17 07:00:29,482 - Loaded System Directive: org.apache.velocity.runtime.directive.Stop
2018-11-17 07:00:29,482 - Loaded System Directive: org.apache.velocity.runtime.directive.Stop
2018-11-17 07:00:29,482 - Loaded System Directive: org.apache.velocity.runtime.directive.Define
2018-11-17 07:00:29,482 - Loaded System Directive: org.apache.velocity.runtime.directive.Define
2018-11-17 07:00:29,482 - Loaded System Directive: org.apache.velocity.runtime.directive.Break
2018-11-17 07:00:29,482 - Loaded System Directive: org.apache.velocity.runtime.directive.Break
2018-11-17 07:00:29,482 - Loaded System Directive: org.apache.velocity.runtime.directive.Evaluate
2018-11-17 07:00:29,482 - Loaded System Directive: org.apache.velocity.runtime.directive.Evaluate
2018-11-17 07:00:29,482 - Loaded System Directive: org.apache.velocity.runtime.directive.Literal
2018-11-17 07:00:29,482 - Loaded System Directive: org.apache.velocity.runtime.directive.Literal
2018-11-17 07:00:29,482 - Loaded System Directive: org.apache.velocity.runtime.directive.Macro
2018-11-17 07:00:29,482 - Loaded System Directive: org.apache.velocity.runtime.directive.Macro
2018-11-17 07:00:29,482 - Loaded System Directive: org.apache.velocity.runtime.directive.Parse
2018-11-17 07:00:29,482 - Loaded System Directive: org.apache.velocity.runtime.directive.Parse
2018-11-17 07:00:29,482 - Loaded System Directive: org.apache.velocity.runtime.directive.Include
2018-11-17 07:00:29,482 - Loaded System Directive: org.apache.velocity.runtime.directive.Include
2018-11-17 07:00:29,483 - Loaded System Directive: org.apache.velocity.runtime.directive.Foreach
2018-11-17 07:00:29,483 - Loaded System Directive: org.apache.velocity.runtime.directive.Foreach
2018-11-17 07:00:29,509 - Created '20' parsers.
2018-11-17 07:00:29,509 - Created '20' parsers.
2018-11-17 07:00:29,509 - Velocimacro : "velocimacro.library" is not set.  Trying default library: VM_global_library.vm
2018-11-17 07:00:29,509 - Velocimacro : "velocimacro.library" is not set.  Trying default library: VM_global_library.vm
2018-11-17 07:00:29,510 - Could not load resource 'VM_global_library.vm' from ResourceLoader org.apache.velocity.runtime.resource.loader.ClasspathResourceLoader: ClasspathResourceLoader Error: cannot find resource VM_global_library.vm
2018-11-17 07:00:29,510 - Could not load resource 'VM_global_library.vm' from ResourceLoader org.apache.velocity.runtime.resource.loader.ClasspathResourceLoader: ClasspathResourceLoader Error: cannot find resource VM_global_library.vm
2018-11-17 07:00:29,510 - Velocimacro : Default library not found.
2018-11-17 07:00:29,510 - Velocimacro : Default library not found.
2018-11-17 07:00:29,511 - Velocimacro : allowInline = true : VMs can be defined inline in templates
2018-11-17 07:00:29,511 - Velocimacro : allowInline = true : VMs can be defined inline in templates
2018-11-17 07:00:29,511 - Velocimacro : allowInlineToOverride = false : VMs defined inline may NOT replace previous VM definitions
2018-11-17 07:00:29,511 - Velocimacro : allowInlineToOverride = false : VMs defined inline may NOT replace previous VM definitions
2018-11-17 07:00:29,511 - Velocimacro : allowInlineLocal = false : VMs defined inline will be global in scope if allowed.
2018-11-17 07:00:29,511 - Velocimacro : allowInlineLocal = false : VMs defined inline will be global in scope if allowed.
2018-11-17 07:00:29,511 - Velocimacro : autoload off : VM system will not automatically reload global library macros
2018-11-17 07:00:29,511 - Velocimacro : autoload off : VM system will not automatically reload global library macros
2018-11-17 07:00:29,538 - ResourceManager : found templates/hello.vtl with loader org.apache.velocity.runtime.resource.loader.ClasspathResourceLoader
2018-11-17 07:00:29,538 - ResourceManager : found templates/hello.vtl with loader org.apache.velocity.runtime.resource.loader.ClasspathResourceLoader
2018-11-17 07:00:29,539 - Null reference [template 'templates/hello.vtl', line 8, column 9] : $testing cannot be resolved.
2018-11-17 07:00:29,539 - Null reference [template 'templates/hello.vtl', line 8, column 9] : $testing cannot be resolved.
2018-11-17 07:20:23,555 - Log4JLogChute initialized using file 'velocity.log'
2018-11-17 07:20:23,557 - Initializing Velocity, Calling init()...
2018-11-17 07:20:23,557 - Starting Apache Velocity v1.7 (compiled: 2010-11-19 12:14:37)
2018-11-17 07:20:23,557 - Default Properties File: org/apache/velocity/runtime/defaults/velocity.properties
2018-11-17 07:20:23,558 - Trying to use logger class org.apache.velocity.runtime.log.AvalonLogChute
2018-11-17 07:20:23,558 - Target log system for org.apache.velocity.runtime.log.AvalonLogChute is not available (java.lang.NoClassDefFoundError: org/apache/log/format/Formatter).  Falling back to next log system...
2018-11-17 07:20:23,558 - Trying to use logger class org.apache.velocity.runtime.log.Log4JLogChute
2018-11-17 07:20:23,558 - Using logger class org.apache.velocity.runtime.log.Log4JLogChute
2018-11-17 07:20:23,578 - ResourceLoader instantiated: org.apache.velocity.runtime.resource.loader.ClasspathResourceLoader
2018-11-17 07:20:23,642 - ResourceCache: initialized (class org.apache.velocity.runtime.resource.ResourceCacheImpl) with class java.util.Collections$SynchronizedMap cache map.
2018-11-17 07:20:23,650 - Loaded System Directive: org.apache.velocity.runtime.directive.Stop
2018-11-17 07:20:23,658 - Loaded System Directive: org.apache.velocity.runtime.directive.Define
2018-11-17 07:20:23,662 - Loaded System Directive: org.apache.velocity.runtime.directive.Break
2018-11-17 07:20:23,665 - Loaded System Directive: org.apache.velocity.runtime.directive.Evaluate
2018-11-17 07:20:23,666 - Loaded System Directive: org.apache.velocity.runtime.directive.Literal
2018-11-17 07:20:23,669 - Loaded System Directive: org.apache.velocity.runtime.directive.Macro
2018-11-17 07:20:23,671 - Loaded System Directive: org.apache.velocity.runtime.directive.Parse
2018-11-17 07:20:23,673 - Loaded System Directive: org.apache.velocity.runtime.directive.Include
2018-11-17 07:20:23,675 - Loaded System Directive: org.apache.velocity.runtime.directive.Foreach
2018-11-17 07:20:23,808 - Created '20' parsers.
2018-11-17 07:20:23,823 - Velocimacro : "velocimacro.library" is not set.  Trying default library: VM_global_library.vm
2018-11-17 07:20:23,823 - Could not load resource 'VM_global_library.vm' from ResourceLoader org.apache.velocity.runtime.resource.loader.ClasspathResourceLoader: ClasspathResourceLoader Error: cannot find resource VM_global_library.vm
2018-11-17 07:20:23,823 - Velocimacro : Default library not found.
2018-11-17 07:20:23,824 - Velocimacro : allowInline = true : VMs can be defined inline in templates
2018-11-17 07:20:23,824 - Velocimacro : allowInlineToOverride = false : VMs defined inline may NOT replace previous VM definitions
2018-11-17 07:20:23,824 - Velocimacro : allowInlineLocal = false : VMs defined inline will be global in scope if allowed.
2018-11-17 07:20:23,824 - Velocimacro : autoload off : VM system will not automatically reload global library macros
2018-11-17 07:20:23,886 - ResourceManager : found templates/hello.vtl with loader org.apache.velocity.runtime.resource.loader.ClasspathResourceLoader
2018-11-17 07:20:23,947 - Null reference [template 'templates/hello.vtl', line 28, column 54] : $pic_path cannot be resolved.
2018-11-17 07:20:38,482 - Log4JLogChute initialized using file 'velocity.log'
2018-11-17 07:20:38,482 - Log4JLogChute initialized using file 'velocity.log'
2018-11-17 07:20:38,483 - Initializing Velocity, Calling init()...
2018-11-17 07:20:38,483 - Initializing Velocity, Calling init()...
2018-11-17 07:20:38,483 - Starting Apache Velocity v1.7 (compiled: 2010-11-19 12:14:37)
2018-11-17 07:20:38,483 - Starting Apache Velocity v1.7 (compiled: 2010-11-19 12:14:37)
2018-11-17 07:20:38,483 - Default Properties File: org/apache/velocity/runtime/defaults/velocity.properties
2018-11-17 07:20:38,483 - Default Properties File: org/apache/velocity/runtime/defaults/velocity.properties
2018-11-17 07:20:38,483 - Trying to use logger class org.apache.velocity.runtime.log.AvalonLogChute
2018-11-17 07:20:38,483 - Trying to use logger class org.apache.velocity.runtime.log.AvalonLogChute
2018-11-17 07:20:38,483 - Target log system for org.apache.velocity.runtime.log.AvalonLogChute is not available (java.lang.NoClassDefFoundError: org/apache/log/format/Formatter).  Falling back to next log system...
2018-11-17 07:20:38,483 - Target log system for org.apache.velocity.runtime.log.AvalonLogChute is not available (java.lang.NoClassDefFoundError: org/apache/log/format/Formatter).  Falling back to next log system...
2018-11-17 07:20:38,483 - Trying to use logger class org.apache.velocity.runtime.log.Log4JLogChute
2018-11-17 07:20:38,483 - Trying to use logger class org.apache.velocity.runtime.log.Log4JLogChute
2018-11-17 07:20:38,484 - Using logger class org.apache.velocity.runtime.log.Log4JLogChute
2018-11-17 07:20:38,484 - Using logger class org.apache.velocity.runtime.log.Log4JLogChute
2018-11-17 07:20:38,484 - ResourceLoader instantiated: org.apache.velocity.runtime.resource.loader.ClasspathResourceLoader
2018-11-17 07:20:38,484 - ResourceLoader instantiated: org.apache.velocity.runtime.resource.loader.ClasspathResourceLoader
2018-11-17 07:20:38,485 - ResourceCache: initialized (class org.apache.velocity.runtime.resource.ResourceCacheImpl) with class java.util.Collections$SynchronizedMap cache map.
2018-11-17 07:20:38,485 - ResourceCache: initialized (class org.apache.velocity.runtime.resource.ResourceCacheImpl) with class java.util.Collections$SynchronizedMap cache map.
2018-11-17 07:20:38,488 - Loaded System Directive: org.apache.velocity.runtime.directive.Stop
2018-11-17 07:20:38,488 - Loaded System Directive: org.apache.velocity.runtime.directive.Stop
2018-11-17 07:20:38,489 - Loaded System Directive: org.apache.velocity.runtime.directive.Define
2018-11-17 07:20:38,489 - Loaded System Directive: org.apache.velocity.runtime.directive.Define
2018-11-17 07:20:38,489 - Loaded System Directive: org.apache.velocity.runtime.directive.Break
2018-11-17 07:20:38,489 - Loaded System Directive: org.apache.velocity.runtime.directive.Break
2018-11-17 07:20:38,489 - Loaded System Directive: org.apache.velocity.runtime.directive.Evaluate
2018-11-17 07:20:38,489 - Loaded System Directive: org.apache.velocity.runtime.directive.Evaluate
2018-11-17 07:20:38,490 - Loaded System Directive: org.apache.velocity.runtime.directive.Literal
2018-11-17 07:20:38,490 - Loaded System Directive: org.apache.velocity.runtime.directive.Literal
2018-11-17 07:20:38,490 - Loaded System Directive: org.apache.velocity.runtime.directive.Macro
2018-11-17 07:20:38,490 - Loaded System Directive: org.apache.velocity.runtime.directive.Macro
2018-11-17 07:20:38,490 - Loaded System Directive: org.apache.velocity.runtime.directive.Parse
2018-11-17 07:20:38,490 - Loaded System Directive: org.apache.velocity.runtime.directive.Parse
2018-11-17 07:20:38,491 - Loaded System Directive: org.apache.velocity.runtime.directive.Include
2018-11-17 07:20:38,491 - Loaded System Directive: org.apache.velocity.runtime.directive.Include
2018-11-17 07:20:38,491 - Loaded System Directive: org.apache.velocity.runtime.directive.Foreach
2018-11-17 07:20:38,491 - Loaded System Directive: org.apache.velocity.runtime.directive.Foreach
2018-11-17 07:20:38,513 - Created '20' parsers.
2018-11-17 07:20:38,513 - Created '20' parsers.
2018-11-17 07:20:38,514 - Velocimacro : "velocimacro.library" is not set.  Trying default library: VM_global_library.vm
2018-11-17 07:20:38,514 - Velocimacro : "velocimacro.library" is not set.  Trying default library: VM_global_library.vm
2018-11-17 07:20:38,515 - Could not load resource 'VM_global_library.vm' from ResourceLoader org.apache.velocity.runtime.resource.loader.ClasspathResourceLoader: ClasspathResourceLoader Error: cannot find resource VM_global_library.vm
2018-11-17 07:20:38,515 - Could not load resource 'VM_global_library.vm' from ResourceLoader org.apache.velocity.runtime.resource.loader.ClasspathResourceLoader: ClasspathResourceLoader Error: cannot find resource VM_global_library.vm
2018-11-17 07:20:38,515 - Velocimacro : Default library not found.
2018-11-17 07:20:38,515 - Velocimacro : Default library not found.
2018-11-17 07:20:38,515 - Velocimacro : allowInline = true : VMs can be defined inline in templates
2018-11-17 07:20:38,515 - Velocimacro : allowInline = true : VMs can be defined inline in templates
2018-11-17 07:20:38,515 - Velocimacro : allowInlineToOverride = false : VMs defined inline may NOT replace previous VM definitions
2018-11-17 07:20:38,515 - Velocimacro : allowInlineToOverride = false : VMs defined inline may NOT replace previous VM definitions
2018-11-17 07:20:38,515 - Velocimacro : allowInlineLocal = false : VMs defined inline will be global in scope if allowed.
2018-11-17 07:20:38,515 - Velocimacro : allowInlineLocal = false : VMs defined inline will be global in scope if allowed.
2018-11-17 07:20:38,515 - Velocimacro : autoload off : VM system will not automatically reload global library macros
2018-11-17 07:20:38,515 - Velocimacro : autoload off : VM system will not automatically reload global library macros
2018-11-17 07:20:38,545 - ResourceManager : found templates/hello.vtl with loader org.apache.velocity.runtime.resource.loader.ClasspathResourceLoader
2018-11-17 07:20:38,545 - ResourceManager : found templates/hello.vtl with loader org.apache.velocity.runtime.resource.loader.ClasspathResourceLoader
2018-11-17 07:20:38,545 - Null reference [template 'templates/hello.vtl', line 8, column 9] : $testing cannot be resolved.
2018-11-17 07:20:38,545 - Null reference [template 'templates/hello.vtl', line 8, column 9] : $testing cannot be resolved.
2018-11-17 07:20:56,502 - ResourceManager : found templates/hello.vtl with loader org.apache.velocity.runtime.resource.loader.ClasspathResourceLoader
2018-11-17 07:20:56,502 - ResourceManager : found templates/hello.vtl with loader org.apache.velocity.runtime.resource.loader.ClasspathResourceLoader
2018-11-17 07:20:56,521 - Null reference [template 'templates/hello.vtl', line 8, column 9] : $testing cannot be resolved.
2018-11-17 07:20:56,521 - Null reference [template 'templates/hello.vtl', line 8, column 9] : $testing cannot be resolved.
2018-11-17 07:21:23,209 - ResourceManager : found templates/hello.vtl with loader org.apache.velocity.runtime.resource.loader.ClasspathResourceLoader
2018-11-17 07:21:23,209 - ResourceManager : found templates/hello.vtl with loader org.apache.velocity.runtime.resource.loader.ClasspathResourceLoader
2018-11-17 07:21:23,209 - Null reference [template 'templates/hello.vtl', line 8, column 9] : $testing cannot be resolved.
2018-11-17 07:21:23,209 - Null reference [template 'templates/hello.vtl', line 8, column 9] : $testing cannot be resolved.
